  Source.cpp
c:\angrybear\project\angrybear\angrybear\model\gameobjectrender.h(18): warning C4244: 'argument': conversion from 'int' to 'float', possible loss of data
c:\angrybear\project\angrybear\angrybear\model\background.h(21): warning C4244: 'argument': conversion from 'int' to 'float', possible loss of data
c:\angrybear\project\angrybear\angrybear\model\player.h(17): warning C4244: 'argument': conversion from 'int' to 'float', possible loss of data
c:\angrybear\project\angrybear\angrybear\model\player.h(29): warning C4244: 'argument': conversion from 'int' to 'float', possible loss of data
c:\angrybear\project\angrybear\angrybear\model\player.h(72): warning C4244: 'argument': conversion from 'int' to 'float', possible loss of data
c:\angrybear\project\angrybear\angrybear\model\stone.h(15): warning C4244: 'argument': conversion from 'int' to 'float', possible loss of data
c:\angrybear\project\angrybear\angrybear\model\stone.h(26): warning C4244: 'argument': conversion from 'int' to 'float', possible loss of data
c:\angrybear\project\angrybear\angrybear\model\stone.h(70): warning C4244: 'argument': conversion from 'int' to 'float', possible loss of data
c:\angrybear\project\angrybear\angrybear\model\resourcemanager.h(75): error C4996: 'strcat': This function or variable may be unsafe. Consider using strcat_s instead. To disable deprecation, use _CRT_SECURE_NO_WARNINGS. See online help for details.
  c:\program files (x86)\windows kits\10\include\10.0.17763.0\ucrt\string.h(90): note: see declaration of 'strcat'
c:\angrybear\project\angrybear\angrybear\model\resourcemanager.h(76): error C4996: 'strcat': This function or variable may be unsafe. Consider using strcat_s instead. To disable deprecation, use _CRT_SECURE_NO_WARNINGS. See online help for details.
  c:\program files (x86)\windows kits\10\include\10.0.17763.0\ucrt\string.h(90): note: see declaration of 'strcat'
c:\angrybear\project\angrybear\angrybear\model\resourcemanager.h(92): error C4996: 'strcpy': This function or variable may be unsafe. Consider using strcpy_s instead. To disable deprecation, use _CRT_SECURE_NO_WARNINGS. See online help for details.
  c:\program files (x86)\windows kits\10\include\10.0.17763.0\ucrt\string.h(133): note: see declaration of 'strcpy'
c:\angrybear\project\angrybear\angrybear\model\resourcemanager.h(93): error C4996: 'strcpy': This function or variable may be unsafe. Consider using strcpy_s instead. To disable deprecation, use _CRT_SECURE_NO_WARNINGS. See online help for details.
  c:\program files (x86)\windows kits\10\include\10.0.17763.0\ucrt\string.h(133): note: see declaration of 'strcpy'
c:\angrybear\project\angrybear\angrybear\model\resourcemanager.h(103): error C4996: 'strcpy': This function or variable may be unsafe. Consider using strcpy_s instead. To disable deprecation, use _CRT_SECURE_NO_WARNINGS. See online help for details.
  c:\program files (x86)\windows kits\10\include\10.0.17763.0\ucrt\string.h(133): note: see declaration of 'strcpy'
c:\angrybear\project\angrybear\angrybear\model\resourcemanager.h(104): error C4996: 'strcpy': This function or variable may be unsafe. Consider using strcpy_s instead. To disable deprecation, use _CRT_SECURE_NO_WARNINGS. See online help for details.
  c:\program files (x86)\windows kits\10\include\10.0.17763.0\ucrt\string.h(133): note: see declaration of 'strcpy'
c:\angrybear\project\angrybear\angrybear\model\resourcemanager.h(117): error C4996: 'strcpy': This function or variable may be unsafe. Consider using strcpy_s instead. To disable deprecation, use _CRT_SECURE_NO_WARNINGS. See online help for details.
  c:\program files (x86)\windows kits\10\include\10.0.17763.0\ucrt\string.h(133): note: see declaration of 'strcpy'
c:\angrybear\project\angrybear\angrybear\model\resourcemanager.h(118): error C4996: 'strcpy': This function or variable may be unsafe. Consider using strcpy_s instead. To disable deprecation, use _CRT_SECURE_NO_WARNINGS. See online help for details.
  c:\program files (x86)\windows kits\10\include\10.0.17763.0\ucrt\string.h(133): note: see declaration of 'strcpy'
c:\angrybear\project\angrybear\angrybear\model\resourcemanager.h(130): error C4996: 'strcpy': This function or variable may be unsafe. Consider using strcpy_s instead. To disable deprecation, use _CRT_SECURE_NO_WARNINGS. See online help for details.
  c:\program files (x86)\windows kits\10\include\10.0.17763.0\ucrt\string.h(133): note: see declaration of 'strcpy'
c:\angrybear\project\angrybear\angrybear\model\resourcemanager.h(131): error C4996: 'strcpy': This function or variable may be unsafe. Consider using strcpy_s instead. To disable deprecation, use _CRT_SECURE_NO_WARNINGS. See online help for details.
  c:\program files (x86)\windows kits\10\include\10.0.17763.0\ucrt\string.h(133): note: see declaration of 'strcpy'
c:\angrybear\project\angrybear\angrybear\model\resourcemanager.h(140): error C4996: 'strcpy': This function or variable may be unsafe. Consider using strcpy_s instead. To disable deprecation, use _CRT_SECURE_NO_WARNINGS. See online help for details.
  c:\program files (x86)\windows kits\10\include\10.0.17763.0\ucrt\string.h(133): note: see declaration of 'strcpy'
c:\angrybear\project\angrybear\angrybear\model\resourcemanager.h(141): error C4996: 'strcpy': This function or variable may be unsafe. Consider using strcpy_s instead. To disable deprecation, use _CRT_SECURE_NO_WARNINGS. See online help for details.
  c:\program files (x86)\windows kits\10\include\10.0.17763.0\ucrt\string.h(133): note: see declaration of 'strcpy'
c:\angrybear\project\angrybear\angrybear\model\resourcemanager.h(150): error C4996: 'strcpy': This function or variable may be unsafe. Consider using strcpy_s instead. To disable deprecation, use _CRT_SECURE_NO_WARNINGS. See online help for details.
  c:\program files (x86)\windows kits\10\include\10.0.17763.0\ucrt\string.h(133): note: see declaration of 'strcpy'
c:\angrybear\project\angrybear\angrybear\model\resourcemanager.h(151): error C4996: 'strcpy': This function or variable may be unsafe. Consider using strcpy_s instead. To disable deprecation, use _CRT_SECURE_NO_WARNINGS. See online help for details.
  c:\program files (x86)\windows kits\10\include\10.0.17763.0\ucrt\string.h(133): note: see declaration of 'strcpy'
c:\angrybear\project\angrybear\angrybear\model\resourcemanager.h(162): error C4996: 'strcat': This function or variable may be unsafe. Consider using strcat_s instead. To disable deprecation, use _CRT_SECURE_NO_WARNINGS. See online help for details.
  c:\program files (x86)\windows kits\10\include\10.0.17763.0\ucrt\string.h(90): note: see declaration of 'strcat'
c:\angrybear\project\angrybear\angrybear\model\resourcemanager.h(163): error C4996: 'strcat': This function or variable may be unsafe. Consider using strcat_s instead. To disable deprecation, use _CRT_SECURE_NO_WARNINGS. See online help for details.
  c:\program files (x86)\windows kits\10\include\10.0.17763.0\ucrt\string.h(90): note: see declaration of 'strcat'
